Array
(
    [success] => 
    [error-codes] => Array
        (
            [0] => browser-error
        )

)
Array
(
    [success] => 
    [error-codes] => Array
        (
            [0] => browser-error
        )

)
Array
(
    [success] => 
    [error-codes] => Array
        (
            [0] => browser-error
        )

)
Array
(
    [success] => 
    [error-codes] => Array
        (
            [0] => browser-error
        )

)
Array
(
    [success] => 
    [error-codes] => Array
        (
            [0] => browser-error
        )

)
Array
(
    [success] => 
    [error-codes] => Array
        (
            [0] => browser-error
        )

)
Array
(
    [success] => 
    [error-codes] => Array
        (
            [0] => browser-error
        )

)
Array
(
    [success] => 
    [error-codes] => Array
        (
            [0] => browser-error
        )

)
Array
(
    [success] => 
    [error-codes] => Array
        (
            [0] => browser-error
        )

)
Array
(
    [success] => 
    [error-codes] => Array
        (
            [0] => browser-error
        )

)
Array
(
    [success] => 
    [error-codes] => Array
        (
            [0] => browser-error
        )

)
Array
(
    [success] => 
    [error-codes] => Array
        (
            [0] => browser-error
        )

)
Array
(
    [success] => 
    [error-codes] => Array
        (
            [0] => browser-error
        )

)
Array
(
    [success] => 
    [error-codes] => Array
        (
            [0] => browser-error
        )

)
Array
(
    [success] => 
    [error-codes] => Array
        (
            [0] => browser-error
        )

)
Array
(
    [success] => 
    [error-codes] => Array
        (
            [0] => browser-error
        )

)
Array
(
    [success] => 
    [error-codes] => Array
        (
            [0] => browser-error
        )

)
Array
(
    [success] => 
    [error-codes] => Array
        (
            [0] => browser-error
        )

)
Array
(
    [success] => 
    [error-codes] => Array
        (
            [0] => browser-error
        )

)
Array
(
    [success] => 
    [error-codes] => Array
        (
            [0] => browser-error
        )

)
Array
(
    [success] => 
    [error-codes] => Array
        (
            [0] => browser-error
        )

)
Array
(
    [success] => 
    [error-codes] => Array
        (
            [0] => browser-error
        )

)
Array
(
    [success] => 
    [error-codes] => Array
        (
            [0] => browser-error
        )

)
Array
(
    [success] => 
    [error-codes] => Array
        (
            [0] => browser-error
        )

)
Array
(
    [success] => 
    [error-codes] => Array
        (
            [0] => browser-error
        )

)
Array
(
    [success] => 
    [error-codes] => Array
        (
            [0] => browser-error
        )

)
Array
(
    [success] => 
    [error-codes] => Array
        (
            [0] => browser-error
        )

)
Array
(
    [success] => 
    [error-codes] => Array
        (
            [0] => browser-error
        )

)
Array
(
    [success] => 
    [error-codes] => Array
        (
            [0] => browser-error
        )

)
Array
(
    [success] => 
    [error-codes] => Array
        (
            [0] => browser-error
        )

)
Array
(
    [success] => 
    [error-codes] => Array
        (
            [0] => browser-error
        )

)
Array
(
    [success] => 
    [error-codes] => Array
        (
            [0] => browser-error
        )

)
Array
(
    [success] => 
    [error-codes] => Array
        (
            [0] => browser-error
        )

)
Array
(
    [success] => 
    [error-codes] => Array
        (
            [0] => browser-error
        )

)
Array
(
    [success] => 
    [error-codes] => Array
        (
            [0] => browser-error
        )

)
Array
(
    [success] => 
    [error-codes] => Array
        (
            [0] => browser-error
        )

)
Array
(
    [success] => 
    [error-codes] => Array
        (
            [0] => browser-error
        )

)
Array
(
    [success] => 
    [error-codes] => Array
        (
            [0] => browser-error
        )

)
Array
(
    [success] => 
    [error-codes] => Array
        (
            [0] => browser-error
        )

)
Array
(
    [success] => 
    [error-codes] => Array
        (
            [0] => browser-error
        )

)
Array
(
    [success] => 
    [error-codes] => Array
        (
            [0] => browser-error
        )

)
Array
(
    [success] => 
    [error-codes] => Array
        (
            [0] => browser-error
        )

)
Array
(
    [success] => 
    [error-codes] => Array
        (
            [0] => browser-error
        )

)
Array
(
    [success] => 
    [error-codes] => Array
        (
            [0] => browser-error
        )

)
Array
(
    [success] => 
    [error-codes] => Array
        (
            [0] => browser-error
        )

)
Array
(
    [success] => 
    [error-codes] => Array
        (
            [0] => browser-error
        )

)
Array
(
    [success] => 
    [error-codes] => Array
        (
            [0] => browser-error
        )

)
Array
(
    [success] => 
    [error-codes] => Array
        (
            [0] => browser-error
        )

)
Array
(
    [success] => 
    [error-codes] => Array
        (
            [0] => browser-error
        )

)
Array
(
    [success] => 
    [error-codes] => Array
        (
            [0] => browser-error
        )

)
Array
(
    [success] => 
    [error-codes] => Array
        (
            [0] => browser-error
        )

)
Array
(
    [success] => 
    [error-codes] => Array
        (
            [0] => browser-error
        )

)
Array
(
    [success] => 
    [error-codes] => Array
        (
            [0] => browser-error
        )

)
Array
(
    [success] => 
    [error-codes] => Array
        (
            [0] => browser-error
        )

)
Array
(
    [success] => 
    [error-codes] => Array
        (
            [0] => browser-error
        )

)
Array
(
    [success] => 
    [error-codes] => Array
        (
            [0] => browser-error
        )

)
Array
(
    [success] => 
    [error-codes] => Array
        (
            [0] => browser-error
        )

)
Array
(
    [success] => 
    [error-codes] => Array
        (
            [0] => browser-error
        )

)
Array
(
    [success] => 
    [error-codes] => Array
        (
            [0] => browser-error
        )

)
Array
(
    [success] => 
    [error-codes] => Array
        (
            [0] => browser-error
        )

)
Array
(
    [success] => 
    [error-codes] => Array
        (
            [0] => browser-error
        )

)
Array
(
    [success] => 
    [error-codes] => Array
        (
            [0] => browser-error
        )

)
Array
(
    [success] => 
    [error-codes] => Array
        (
            [0] => browser-error
        )

)
Array
(
    [success] => 
    [error-codes] => Array
        (
            [0] => browser-error
        )

)
Array
(
    [success] => 
    [error-codes] => Array
        (
            [0] => browser-error
        )

)
Array
(
    [success] => 
    [error-codes] => Array
        (
            [0] => browser-error
        )

)
Array
(
    [success] => 
    [error-codes] => Array
        (
            [0] => browser-error
        )

)
Array
(
    [success] => 
    [error-codes] => Array
        (
            [0] => browser-error
        )

)
Array
(
    [success] => 
    [error-codes] => Array
        (
            [0] => browser-error
        )

)
Array
(
    [success] => 
    [error-codes] => Array
        (
            [0] => browser-error
        )

)
Array
(
    [success] => 
    [error-codes] => Array
        (
            [0] => browser-error
        )

)
Array
(
    [success] => 
    [error-codes] => Array
        (
            [0] => browser-error
        )

)
Array
(
    [success] => 
    [error-codes] => Array
        (
            [0] => browser-error
        )

)
Array
(
    [success] => 
    [error-codes] => Array
        (
            [0] => browser-error
        )

)
Array
(
    [success] => 
    [error-codes] => Array
        (
            [0] => browser-error
        )

)
Array
(
    [success] => 
    [error-codes] => Array
        (
            [0] => browser-error
        )

)
Array
(
    [success] => 
    [error-codes] => Array
        (
            [0] => browser-error
        )

)
Array
(
    [success] => 
    [error-codes] => Array
        (
            [0] => browser-error
        )

)
Array
(
    [success] => 
    [error-codes] => Array
        (
            [0] => browser-error
        )

)
Array
(
    [success] => 
    [error-codes] => Array
        (
            [0] => browser-error
        )

)
Array
(
    [success] => 
    [error-codes] => Array
        (
            [0] => browser-error
        )

)
Array
(
    [success] => 
    [error-codes] => Array
        (
            [0] => browser-error
        )

)
Array
(
    [success] => 
    [error-codes] => Array
        (
            [0] => browser-error
        )

)
Array
(
    [success] => 1
    [challenge_ts] => 2025-02-28T14:00:03Z
    [hostname] => logovisioneer.com
    [score] => 0.9
    [action] => homepage
)
Array
(
    [success] => 1
    [challenge_ts] => 2025-02-28T14:00:31Z
    [hostname] => logovisioneer.com
    [score] => 0.1
    [action] => homepage
)
Array
(
    [success] => 1
    [challenge_ts] => 2025-02-28T14:00:32Z
    [hostname] => logovisioneer.com
    [score] => 0.1
    [action] => homepage
)
Array
(
    [success] => 1
    [challenge_ts] => 2025-02-28T14:02:59Z
    [hostname] => logovisioneer.com
    [score] => 0.9
    [action] => homepage
)
Array
(
    [success] => 1
    [challenge_ts] => 2025-02-28T14:03:01Z
    [hostname] => logovisioneer.com
    [score] => 0.9
    [action] => homepage
)
Array
(
    [success] => 1
    [challenge_ts] => 2025-02-28T14:03:44Z
    [hostname] => logovisioneer.com
    [score] => 0.9
    [action] => homepage
)
Array
(
    [success] => 1
    [challenge_ts] => 2025-02-28T14:04:49Z
    [hostname] => logovisioneer.com
    [score] => 0.1
    [action] => homepage
)
Array
(
    [success] => 1
    [challenge_ts] => 2025-02-28T14:04:49Z
    [hostname] => logovisioneer.com
    [score] => 0.1
    [action] => homepage
)
Array
(
    [success] => 1
    [challenge_ts] => 2025-02-28T14:04:54Z
    [hostname] => logovisioneer.com
    [score] => 0.9
    [action] => homepage
)
Array
(
    [success] => 1
    [challenge_ts] => 2025-02-28T17:58:50Z
    [hostname] => logovisioneer.com
    [score] => 0.9
    [action] => homepage
)
Array
(
    [success] => 1
    [challenge_ts] => 2025-02-28T17:59:47Z
    [hostname] => logovisioneer.com
    [score] => 0.9
    [action] => homepage
)
Array
(
    [success] => 
    [error-codes] => Array
        (
            [0] => browser-error
        )

)
Array
(
    [success] => 1
    [challenge_ts] => 2025-03-01T16:43:27Z
    [hostname] => logovisioneer.com
    [score] => 0.1
    [action] => homepage
)
Array
(
    [success] => 1
    [challenge_ts] => 2025-03-01T16:43:27Z
    [hostname] => logovisioneer.com
    [score] => 0.1
    [action] => homepage
)
Array
(
    [success] => 
    [error-codes] => Array
        (
            [0] => browser-error
        )

)
Array
(
    [success] => 
    [error-codes] => Array
        (
            [0] => browser-error
        )

)
Array
(
    [success] => 
    [error-codes] => Array
        (
            [0] => browser-error
        )

)
Array
(
    [success] => 
    [error-codes] => Array
        (
            [0] => browser-error
        )

)
Array
(
    [success] => 1
    [challenge_ts] => 2025-03-08T21:49:54Z
    [hostname] => logovisioneer.com
    [score] => 0.9
    [action] => homepage
)
Array
(
    [success] => 1
    [challenge_ts] => 2025-03-08T21:51:43Z
    [hostname] => logovisioneer.com
    [score] => 0.9
    [action] => homepage
)
Array
(
    [success] => 
    [error-codes] => Array
        (
            [0] => browser-error
        )

)
Array
(
    [success] => 
    [error-codes] => Array
        (
            [0] => browser-error
        )

)
Array
(
    [success] => 
    [error-codes] => Array
        (
            [0] => browser-error
        )

)
Array
(
    [success] => 
    [error-codes] => Array
        (
            [0] => browser-error
        )

)
Array
(
    [success] => 
    [error-codes] => Array
        (
            [0] => browser-error
        )

)
Array
(
    [success] => 
    [error-codes] => Array
        (
            [0] => browser-error
        )

)
Array
(
    [success] => 
    [error-codes] => Array
        (
            [0] => browser-error
        )

)
Array
(
    [success] => 
    [error-codes] => Array
        (
            [0] => browser-error
        )

)
Array
(
    [success] => 
    [error-codes] => Array
        (
            [0] => browser-error
        )

)
Array
(
    [success] => 
    [error-codes] => Array
        (
            [0] => browser-error
        )

)
Array
(
    [success] => 
    [error-codes] => Array
        (
            [0] => browser-error
        )

)
Array
(
    [success] => 1
    [challenge_ts] => 2025-03-25T10:44:49Z
    [hostname] => logovisioneer.com
    [score] => 0.9
    [action] => homepage
)
Array
(
    [success] => 
    [error-codes] => Array
        (
            [0] => browser-error
        )

)
Array
(
    [success] => 
    [error-codes] => Array
        (
            [0] => browser-error
        )

)
Array
(
    [success] => 
    [error-codes] => Array
        (
            [0] => browser-error
        )

)
Array
(
    [success] => 
    [error-codes] => Array
        (
            [0] => browser-error
        )

)
Array
(
    [success] => 
    [error-codes] => Array
        (
            [0] => browser-error
        )

)
Array
(
    [success] => 1
    [challenge_ts] => 2025-04-03T23:32:56Z
    [hostname] => logovisioneer.com
    [score] => 0.9
    [action] => homepage
)
Array
(
    [success] => 
    [error-codes] => Array
        (
            [0] => browser-error
        )

)
Array
(
    [success] => 
    [error-codes] => Array
        (
            [0] => browser-error
        )

)
Array
(
    [success] => 1
    [challenge_ts] => 2025-04-05T21:50:21Z
    [hostname] => logovisioneer.com
    [score] => 0.9
    [action] => homepage
)
Array
(
    [success] => 1
    [challenge_ts] => 2025-04-05T21:58:28Z
    [hostname] => logovisioneer.com
    [score] => 0.9
    [action] => homepage
)
Array
(
    [success] => 1
    [challenge_ts] => 2025-04-05T22:59:12Z
    [hostname] => logovisioneer.com
    [score] => 0.9
    [action] => homepage
)
Array
(
    [success] => 
    [error-codes] => Array
        (
            [0] => browser-error
        )

)
Array
(
    [success] => 
    [error-codes] => Array
        (
            [0] => browser-error
        )

)
Array
(
    [success] => 1
    [challenge_ts] => 2025-04-07T16:02:28Z
    [hostname] => logovisioneer.com
    [score] => 0.9
    [action] => homepage
)
Array
(
    [success] => 1
    [challenge_ts] => 2025-04-08T14:20:34Z
    [hostname] => logovisioneer.com
    [score] => 0.7
    [action] => homepage
)
Array
(
    [success] => 1
    [challenge_ts] => 2025-04-08T14:21:34Z
    [hostname] => logovisioneer.com
    [score] => 0.9
    [action] => homepage
)
Array
(
    [success] => 1
    [challenge_ts] => 2025-04-08T14:21:59Z
    [hostname] => logovisioneer.com
    [score] => 0.9
    [action] => homepage
)
Array
(
    [success] => 1
    [challenge_ts] => 2025-04-08T14:22:02Z
    [hostname] => logovisioneer.com
    [score] => 0.9
    [action] => homepage
)
Array
(
    [success] => 1
    [challenge_ts] => 2025-04-08T14:23:03Z
    [hostname] => logovisioneer.com
    [score] => 0.9
    [action] => homepage
)
Array
(
    [success] => 1
    [challenge_ts] => 2025-04-08T14:23:29Z
    [hostname] => logovisioneer.com
    [score] => 0.1
    [action] => homepage
)
Array
(
    [success] => 1
    [challenge_ts] => 2025-04-08T14:23:42Z
    [hostname] => logovisioneer.com
    [score] => 0.7
    [action] => homepage
)
Array
(
    [success] => 1
    [challenge_ts] => 2025-04-08T14:24:11Z
    [hostname] => logovisioneer.com
    [score] => 0.9
    [action] => homepage
)
Array
(
    [success] => 
    [error-codes] => Array
        (
            [0] => browser-error
        )

)
Array
(
    [success] => 1
    [challenge_ts] => 2025-04-10T00:23:19Z
    [hostname] => logovisioneer.com
    [score] => 0.9
    [action] => homepage
)
Array
(
    [success] => 
    [error-codes] => Array
        (
            [0] => browser-error
        )

)
Array
(
    [success] => 1
    [challenge_ts] => 2025-04-10T17:15:40Z
    [hostname] => logovisioneer.com
    [score] => 0.9
    [action] => homepage
)
Array
(
    [success] => 
    [error-codes] => Array
        (
            [0] => browser-error
        )

)
Array
(
    [success] => 
    [error-codes] => Array
        (
            [0] => browser-error
        )

)
Array
(
    [success] => 1
    [challenge_ts] => 2025-04-14T20:54:56Z
    [hostname] => logovisioneer.com
    [score] => 0.9
    [action] => homepage
)
Array
(
    [success] => 
    [error-codes] => Array
        (
            [0] => browser-error
        )

)
Array
(
    [success] => 
    [error-codes] => Array
        (
            [0] => browser-error
        )

)
Array
(
    [success] => 
    [error-codes] => Array
        (
            [0] => browser-error
        )

)
Array
(
    [success] => 
    [error-codes] => Array
        (
            [0] => browser-error
        )

)
Array
(
    [success] => 
    [error-codes] => Array
        (
            [0] => browser-error
        )

)
Array
(
    [success] => 
    [error-codes] => Array
        (
            [0] => browser-error
        )

)
Array
(
    [success] => 1
    [challenge_ts] => 2025-04-22T09:15:09Z
    [hostname] => logovisioneer.com
    [score] => 0.9
    [action] => homepage
)
Array
(
    [success] => 
    [error-codes] => Array
        (
            [0] => browser-error
        )

)
Array
(
    [success] => 
    [error-codes] => Array
        (
            [0] => browser-error
        )

)
Array
(
    [success] => 
    [error-codes] => Array
        (
            [0] => browser-error
        )

)
Array
(
    [success] => 
    [error-codes] => Array
        (
            [0] => browser-error
        )

)
Array
(
    [success] => 
    [error-codes] => Array
        (
            [0] => browser-error
        )

)
Array
(
    [success] => 
    [error-codes] => Array
        (
            [0] => browser-error
        )

)
Array
(
    [success] => 
    [error-codes] => Array
        (
            [0] => browser-error
        )

)
Array
(
    [success] => 
    [error-codes] => Array
        (
            [0] => browser-error
        )

)
Array
(
    [success] => 
    [error-codes] => Array
        (
            [0] => browser-error
        )

)
Array
(
    [success] => 
    [error-codes] => Array
        (
            [0] => browser-error
        )

)
Array
(
    [success] => 
    [error-codes] => Array
        (
            [0] => browser-error
        )

)
Array
(
    [success] => 
    [error-codes] => Array
        (
            [0] => browser-error
        )

)
Array
(
    [success] => 
    [error-codes] => Array
        (
            [0] => browser-error
        )

)
Array
(
    [success] => 
    [error-codes] => Array
        (
            [0] => browser-error
        )

)
Array
(
    [success] => 
    [error-codes] => Array
        (
            [0] => browser-error
        )

)
Array
(
    [success] => 
    [error-codes] => Array
        (
            [0] => browser-error
        )

)
Array
(
    [success] => 
    [error-codes] => Array
        (
            [0] => browser-error
        )

)
Array
(
    [success] => 1
    [challenge_ts] => 2025-05-12T17:05:10Z
    [hostname] => logovisioneer.com
    [score] => 0.9
    [action] => homepage
)
Array
(
    [success] => 1
    [challenge_ts] => 2025-05-12T23:31:54Z
    [hostname] => logovisioneer.com
    [score] => 0.9
    [action] => homepage
)
Array
(
    [success] => 
    [error-codes] => Array
        (
            [0] => browser-error
        )

)
Array
(
    [success] => 1
    [challenge_ts] => 2025-05-13T20:38:59Z
    [hostname] => logovisioneer.com
    [score] => 0.9
    [action] => homepage
)
Array
(
    [success] => 
    [error-codes] => Array
        (
            [0] => browser-error
        )

)
Array
(
    [success] => 
    [error-codes] => Array
        (
            [0] => browser-error
        )

)
Array
(
    [success] => 
    [error-codes] => Array
        (
            [0] => browser-error
        )

)
Array
(
    [success] => 
    [error-codes] => Array
        (
            [0] => browser-error
        )

)
Array
(
    [success] => 
    [error-codes] => Array
        (
            [0] => browser-error
        )

)
Array
(
    [success] => 
    [error-codes] => Array
        (
            [0] => browser-error
        )

)
Array
(
    [success] => 
    [error-codes] => Array
        (
            [0] => browser-error
        )

)
Array
(
    [success] => 
    [error-codes] => Array
        (
            [0] => browser-error
        )

)
Array
(
    [success] => 
    [error-codes] => Array
        (
            [0] => browser-error
        )

)
Array
(
    [success] => 
    [error-codes] => Array
        (
            [0] => browser-error
        )

)
Array
(
    [success] => 
    [error-codes] => Array
        (
            [0] => browser-error
        )

)
Array
(
    [success] => 
    [error-codes] => Array
        (
            [0] => browser-error
        )

)
