Array
(
    [success] => 
    [error-codes] => Array
        (
            [0] => browser-error
        )

)
Array
(
    [success] => 
    [error-codes] => Array
        (
            [0] => browser-error
        )

)
Array
(
    [success] => 
    [error-codes] => Array
        (
            [0] => browser-error
        )

)
Array
(
    [success] => 
    [error-codes] => Array
        (
            [0] => browser-error
        )

)
Array
(
    [success] => 
    [error-codes] => Array
        (
            [0] => browser-error
        )

)
Array
(
    [success] => 
    [error-codes] => Array
        (
            [0] => browser-error
        )

)
Array
(
    [success] => 
    [error-codes] => Array
        (
            [0] => browser-error
        )

)
Array
(
    [success] => 
    [error-codes] => Array
        (
            [0] => browser-error
        )

)
Array
(
    [success] => 
    [error-codes] => Array
        (
            [0] => browser-error
        )

)
Array
(
    [success] => 
    [error-codes] => Array
        (
            [0] => browser-error
        )

)
Array
(
    [success] => 
    [error-codes] => Array
        (
            [0] => browser-error
        )

)
Array
(
    [success] => 
    [error-codes] => Array
        (
            [0] => browser-error
        )

)
Array
(
    [success] => 
    [error-codes] => Array
        (
            [0] => browser-error
        )

)
Array
(
    [success] => 
    [error-codes] => Array
        (
            [0] => browser-error
        )

)
Array
(
    [success] => 
    [error-codes] => Array
        (
            [0] => browser-error
        )

)
Array
(
    [success] => 
    [error-codes] => Array
        (
            [0] => browser-error
        )

)
Array
(
    [success] => 
    [error-codes] => Array
        (
            [0] => browser-error
        )

)
Array
(
    [success] => 
    [error-codes] => Array
        (
            [0] => browser-error
        )

)
Array
(
    [success] => 
    [error-codes] => Array
        (
            [0] => browser-error
        )

)
Array
(
    [success] => 
    [error-codes] => Array
        (
            [0] => browser-error
        )

)
Array
(
    [success] => 
    [error-codes] => Array
        (
            [0] => browser-error
        )

)
Array
(
    [success] => 
    [error-codes] => Array
        (
            [0] => browser-error
        )

)
Array
(
    [success] => 
    [error-codes] => Array
        (
            [0] => browser-error
        )

)
Array
(
    [success] => 
    [error-codes] => Array
        (
            [0] => browser-error
        )

)
Array
(
    [success] => 
    [error-codes] => Array
        (
            [0] => browser-error
        )

)
Array
(
    [success] => 
    [error-codes] => Array
        (
            [0] => browser-error
        )

)
Array
(
    [success] => 
    [error-codes] => Array
        (
            [0] => browser-error
        )

)
Array
(
    [success] => 
    [error-codes] => Array
        (
            [0] => browser-error
        )

)
Array
(
    [success] => 
    [error-codes] => Array
        (
            [0] => browser-error
        )

)
Array
(
    [success] => 
    [error-codes] => Array
        (
            [0] => browser-error
        )

)
Array
(
    [success] => 
    [error-codes] => Array
        (
            [0] => browser-error
        )

)
Array
(
    [success] => 
    [error-codes] => Array
        (
            [0] => browser-error
        )

)
Array
(
    [success] => 
    [error-codes] => Array
        (
            [0] => browser-error
        )

)
Array
(
    [success] => 
    [error-codes] => Array
        (
            [0] => browser-error
        )

)
Array
(
    [success] => 
    [error-codes] => Array
        (
            [0] => browser-error
        )

)
Array
(
    [success] => 
    [error-codes] => Array
        (
            [0] => browser-error
        )

)
Array
(
    [success] => 
    [error-codes] => Array
        (
            [0] => browser-error
        )

)
Array
(
    [success] => 
    [error-codes] => Array
        (
            [0] => browser-error
        )

)
Array
(
    [success] => 
    [error-codes] => Array
        (
            [0] => browser-error
        )

)
Array
(
    [success] => 
    [error-codes] => Array
        (
            [0] => browser-error
        )

)
Array
(
    [success] => 
    [error-codes] => Array
        (
            [0] => browser-error
        )

)
Array
(
    [success] => 
    [error-codes] => Array
        (
            [0] => browser-error
        )

)
Array
(
    [success] => 
    [error-codes] => Array
        (
            [0] => browser-error
        )

)
Array
(
    [success] => 
    [error-codes] => Array
        (
            [0] => browser-error
        )

)
Array
(
    [success] => 
    [error-codes] => Array
        (
            [0] => browser-error
        )

)
Array
(
    [success] => 
    [error-codes] => Array
        (
            [0] => browser-error
        )

)
Array
(
    [success] => 
    [error-codes] => Array
        (
            [0] => browser-error
        )

)
Array
(
    [success] => 
    [error-codes] => Array
        (
            [0] => browser-error
        )

)
Array
(
    [success] => 
    [error-codes] => Array
        (
            [0] => browser-error
        )

)
Array
(
    [success] => 
    [error-codes] => Array
        (
            [0] => browser-error
        )

)
Array
(
    [success] => 
    [error-codes] => Array
        (
            [0] => browser-error
        )

)
Array
(
    [success] => 
    [error-codes] => Array
        (
            [0] => browser-error
        )

)
Array
(
    [success] => 
    [error-codes] => Array
        (
            [0] => browser-error
        )

)
Array
(
    [success] => 
    [error-codes] => Array
        (
            [0] => browser-error
        )

)
Array
(
    [success] => 
    [error-codes] => Array
        (
            [0] => browser-error
        )

)
Array
(
    [success] => 
    [error-codes] => Array
        (
            [0] => browser-error
        )

)
Array
(
    [success] => 
    [error-codes] => Array
        (
            [0] => browser-error
        )

)
Array
(
    [success] => 
    [error-codes] => Array
        (
            [0] => browser-error
        )

)
Array
(
    [success] => 
    [error-codes] => Array
        (
            [0] => browser-error
        )

)
Array
(
    [success] => 
    [error-codes] => Array
        (
            [0] => browser-error
        )

)
Array
(
    [success] => 
    [error-codes] => Array
        (
            [0] => browser-error
        )

)
Array
(
    [success] => 
    [error-codes] => Array
        (
            [0] => browser-error
        )

)
Array
(
    [success] => 
    [error-codes] => Array
        (
            [0] => browser-error
        )

)
Array
(
    [success] => 
    [error-codes] => Array
        (
            [0] => browser-error
        )

)
Array
(
    [success] => 
    [error-codes] => Array
        (
            [0] => browser-error
        )

)
Array
(
    [success] => 
    [error-codes] => Array
        (
            [0] => browser-error
        )

)
Array
(
    [success] => 
    [error-codes] => Array
        (
            [0] => browser-error
        )

)
Array
(
    [success] => 
    [error-codes] => Array
        (
            [0] => browser-error
        )

)
Array
(
    [success] => 
    [error-codes] => Array
        (
            [0] => browser-error
        )

)
Array
(
    [success] => 
    [error-codes] => Array
        (
            [0] => browser-error
        )

)
Array
(
    [success] => 
    [error-codes] => Array
        (
            [0] => browser-error
        )

)
Array
(
    [success] => 
    [error-codes] => Array
        (
            [0] => browser-error
        )

)
Array
(
    [success] => 
    [error-codes] => Array
        (
            [0] => browser-error
        )

)
Array
(
    [success] => 
    [error-codes] => Array
        (
            [0] => browser-error
        )

)
Array
(
    [success] => 
    [error-codes] => Array
        (
            [0] => browser-error
        )

)
Array
(
    [success] => 
    [error-codes] => Array
        (
            [0] => browser-error
        )

)
Array
(
    [success] => 
    [error-codes] => Array
        (
            [0] => browser-error
        )

)
Array
(
    [success] => 
    [error-codes] => Array
        (
            [0] => browser-error
        )

)
Array
(
    [success] => 
    [error-codes] => Array
        (
            [0] => browser-error
        )

)
Array
(
    [success] => 
    [error-codes] => Array
        (
            [0] => browser-error
        )

)
Array
(
    [success] => 
    [error-codes] => Array
        (
            [0] => browser-error
        )

)
Array
(
    [success] => 
    [error-codes] => Array
        (
            [0] => browser-error
        )

)
Array
(
    [success] => 
    [error-codes] => Array
        (
            [0] => browser-error
        )

)
Array
(
    [success] => 
    [error-codes] => Array
        (
            [0] => browser-error
        )

)
Array
(
    [success] => 
    [error-codes] => Array
        (
            [0] => browser-error
        )

)
Array
(
    [success] => 
    [error-codes] => Array
        (
            [0] => browser-error
        )

)
Array
(
    [success] => 
    [error-codes] => Array
        (
            [0] => browser-error
        )

)
Array
(
    [success] => 
    [error-codes] => Array
        (
            [0] => browser-error
        )

)
Array
(
    [success] => 
    [error-codes] => Array
        (
            [0] => browser-error
        )

)
Array
(
    [success] => 
    [error-codes] => Array
        (
            [0] => browser-error
        )

)
Array
(
    [success] => 
    [error-codes] => Array
        (
            [0] => browser-error
        )

)
Array
(
    [success] => 
    [error-codes] => Array
        (
            [0] => browser-error
        )

)
Array
(
    [success] => 
    [error-codes] => Array
        (
            [0] => browser-error
        )

)
Array
(
    [success] => 
    [error-codes] => Array
        (
            [0] => browser-error
        )

)
Array
(
    [success] => 
    [error-codes] => Array
        (
            [0] => browser-error
        )

)
Array
(
    [success] => 
    [error-codes] => Array
        (
            [0] => browser-error
        )

)
Array
(
    [success] => 
    [error-codes] => Array
        (
            [0] => browser-error
        )

)
Array
(
    [success] => 
    [error-codes] => Array
        (
            [0] => browser-error
        )

)
Array
(
    [success] => 
    [error-codes] => Array
        (
            [0] => browser-error
        )

)
Array
(
    [success] => 
    [error-codes] => Array
        (
            [0] => browser-error
        )

)
Array
(
    [success] => 
    [error-codes] => Array
        (
            [0] => browser-error
        )

)
Array
(
    [success] => 
    [error-codes] => Array
        (
            [0] => browser-error
        )

)
Array
(
    [success] => 
    [error-codes] => Array
        (
            [0] => browser-error
        )

)
Array
(
    [success] => 
    [error-codes] => Array
        (
            [0] => browser-error
        )

)
Array
(
    [success] => 
    [error-codes] => Array
        (
            [0] => browser-error
        )

)
Array
(
    [success] => 
    [error-codes] => Array
        (
            [0] => browser-error
        )

)
Array
(
    [success] => 
    [error-codes] => Array
        (
            [0] => browser-error
        )

)
Array
(
    [success] => 
    [error-codes] => Array
        (
            [0] => browser-error
        )

)
Array
(
    [success] => 
    [error-codes] => Array
        (
            [0] => browser-error
        )

)
Array
(
    [success] => 
    [error-codes] => Array
        (
            [0] => browser-error
        )

)
Array
(
    [success] => 
    [error-codes] => Array
        (
            [0] => browser-error
        )

)
Array
(
    [success] => 
    [error-codes] => Array
        (
            [0] => browser-error
        )

)
Array
(
    [success] => 
    [error-codes] => Array
        (
            [0] => browser-error
        )

)
Array
(
    [success] => 
    [error-codes] => Array
        (
            [0] => browser-error
        )

)
Array
(
    [success] => 
    [error-codes] => Array
        (
            [0] => browser-error
        )

)
Array
(
    [success] => 
    [error-codes] => Array
        (
            [0] => browser-error
        )

)
Array
(
    [success] => 
    [error-codes] => Array
        (
            [0] => browser-error
        )

)
Array
(
    [success] => 
    [error-codes] => Array
        (
            [0] => browser-error
        )

)
Array
(
    [success] => 
    [error-codes] => Array
        (
            [0] => browser-error
        )

)
Array
(
    [success] => 
    [error-codes] => Array
        (
            [0] => browser-error
        )

)
Array
(
    [success] => 
    [error-codes] => Array
        (
            [0] => browser-error
        )

)
Array
(
    [success] => 
    [error-codes] => Array
        (
            [0] => browser-error
        )

)
Array
(
    [success] => 
    [error-codes] => Array
        (
            [0] => browser-error
        )

)
Array
(
    [success] => 
    [error-codes] => Array
        (
            [0] => browser-error
        )

)
Array
(
    [success] => 
    [error-codes] => Array
        (
            [0] => browser-error
        )

)
Array
(
    [success] => 
    [error-codes] => Array
        (
            [0] => browser-error
        )

)
Array
(
    [success] => 
    [error-codes] => Array
        (
            [0] => browser-error
        )

)
Array
(
    [success] => 
    [error-codes] => Array
        (
            [0] => browser-error
        )

)
Array
(
    [success] => 
    [error-codes] => Array
        (
            [0] => browser-error
        )

)
Array
(
    [success] => 
    [error-codes] => Array
        (
            [0] => browser-error
        )

)
Array
(
    [success] => 
    [error-codes] => Array
        (
            [0] => browser-error
        )

)
Array
(
    [success] => 
    [error-codes] => Array
        (
            [0] => browser-error
        )

)
Array
(
    [success] => 
    [error-codes] => Array
        (
            [0] => browser-error
        )

)
Array
(
    [success] => 
    [error-codes] => Array
        (
            [0] => browser-error
        )

)
Array
(
    [success] => 
    [error-codes] => Array
        (
            [0] => browser-error
        )

)
Array
(
    [success] => 
    [error-codes] => Array
        (
            [0] => browser-error
        )

)
Array
(
    [success] => 
    [error-codes] => Array
        (
            [0] => browser-error
        )

)
Array
(
    [success] => 
    [error-codes] => Array
        (
            [0] => browser-error
        )

)
Array
(
    [success] => 
    [error-codes] => Array
        (
            [0] => browser-error
        )

)
Array
(
    [success] => 
    [error-codes] => Array
        (
            [0] => browser-error
        )

)
Array
(
    [success] => 
    [error-codes] => Array
        (
            [0] => browser-error
        )

)
Array
(
    [success] => 
    [error-codes] => Array
        (
            [0] => browser-error
        )

)
Array
(
    [success] => 
    [error-codes] => Array
        (
            [0] => browser-error
        )

)
Array
(
    [success] => 1
    [challenge_ts] => 2025-03-24T18:19:26Z
    [hostname] => logovisioneer.com
    [score] => 0.9
    [action] => homepage
)
Array
(
    [success] => 1
    [challenge_ts] => 2025-03-24T18:20:30Z
    [hostname] => logovisioneer.com
    [score] => 0.9
    [action] => homepage
)
Array
(
    [success] => 1
    [challenge_ts] => 2025-03-24T18:20:59Z
    [hostname] => logovisioneer.com
    [score] => 0.9
    [action] => homepage
)
Array
(
    [success] => 1
    [challenge_ts] => 2025-03-24T18:21:27Z
    [hostname] => logovisioneer.com
    [score] => 0.9
    [action] => homepage
)
Array
(
    [success] => 1
    [challenge_ts] => 2025-03-24T18:21:40Z
    [hostname] => logovisioneer.com
    [score] => 0.9
    [action] => homepage
)
Array
(
    [success] => 1
    [challenge_ts] => 2025-03-24T18:22:02Z
    [hostname] => logovisioneer.com
    [score] => 0.9
    [action] => homepage
)
Array
(
    [success] => 1
    [challenge_ts] => 2025-03-24T18:51:56Z
    [hostname] => logovisioneer.com
    [score] => 0.9
    [action] => homepage
)
Array
(
    [success] => 1
    [challenge_ts] => 2025-03-24T18:52:06Z
    [hostname] => logovisioneer.com
    [score] => 0.9
    [action] => homepage
)
Array
(
    [success] => 1
    [challenge_ts] => 2025-03-24T18:53:15Z
    [hostname] => logovisioneer.com
    [score] => 0.7
    [action] => homepage
)
Array
(
    [success] => 1
    [challenge_ts] => 2025-03-24T18:53:28Z
    [hostname] => logovisioneer.com
    [score] => 0.9
    [action] => homepage
)
Array
(
    [success] => 1
    [challenge_ts] => 2025-03-24T18:53:57Z
    [hostname] => logovisioneer.com
    [score] => 0.9
    [action] => homepage
)
Array
(
    [success] => 1
    [challenge_ts] => 2025-03-24T18:55:44Z
    [hostname] => logovisioneer.com
    [score] => 0.9
    [action] => homepage
)
Array
(
    [success] => 1
    [challenge_ts] => 2025-03-24T18:56:04Z
    [hostname] => logovisioneer.com
    [score] => 0.9
    [action] => homepage
)
Array
(
    [success] => 1
    [challenge_ts] => 2025-03-24T18:56:35Z
    [hostname] => logovisioneer.com
    [score] => 0.9
    [action] => homepage
)
Array
(
    [success] => 1
    [challenge_ts] => 2025-03-24T18:57:20Z
    [hostname] => logovisioneer.com
    [score] => 0.1
    [action] => homepage
)
Array
(
    [success] => 1
    [challenge_ts] => 2025-03-24T18:57:20Z
    [hostname] => logovisioneer.com
    [score] => 0.1
    [action] => homepage
)
Array
(
    [success] => 1
    [challenge_ts] => 2025-03-24T18:58:16Z
    [hostname] => logovisioneer.com
    [score] => 0.1
    [action] => homepage
)
Array
(
    [success] => 1
    [challenge_ts] => 2025-03-24T18:59:51Z
    [hostname] => logovisioneer.com
    [score] => 0.1
    [action] => homepage
)
Array
(
    [success] => 1
    [challenge_ts] => 2025-03-24T19:01:33Z
    [hostname] => logovisioneer.com
    [score] => 0.1
    [action] => homepage
)
Array
(
    [success] => 1
    [challenge_ts] => 2025-03-24T19:03:10Z
    [hostname] => logovisioneer.com
    [score] => 0.1
    [action] => homepage
)
Array
(
    [success] => 1
    [challenge_ts] => 2025-03-24T19:05:08Z
    [hostname] => logovisioneer.com
    [score] => 0.9
    [action] => homepage
)
Array
(
    [success] => 1
    [challenge_ts] => 2025-03-24T19:05:47Z
    [hostname] => logovisioneer.com
    [score] => 0.9
    [action] => homepage
)
Array
(
    [success] => 1
    [challenge_ts] => 2025-03-24T19:06:05Z
    [hostname] => logovisioneer.com
    [score] => 0.9
    [action] => homepage
)
Array
(
    [success] => 1
    [challenge_ts] => 2025-03-24T19:31:59Z
    [hostname] => logovisioneer.com
    [score] => 0.1
    [action] => homepage
)
Array
(
    [success] => 1
    [challenge_ts] => 2025-03-24T20:01:15Z
    [hostname] => logovisioneer.com
    [score] => 0.9
    [action] => homepage
)
Array
(
    [success] => 1
    [challenge_ts] => 2025-04-03T23:36:09Z
    [hostname] => logovisioneer.com
    [score] => 0.9
    [action] => homepage
)
Array
(
    [success] => 1
    [challenge_ts] => 2025-04-10T17:24:06Z
    [hostname] => logovisioneer.com
    [score] => 0.9
    [action] => homepage
)
Array
(
    [success] => 1
    [challenge_ts] => 2025-04-14T09:24:16Z
    [hostname] => logovisioneer.com
    [score] => 0.9
    [action] => homepage
)
Array
(
    [success] => 1
    [challenge_ts] => 2025-04-14T18:27:23Z
    [hostname] => logovisioneer.com
    [score] => 0.9
    [action] => homepage
)
Array
(
    [success] => 1
    [challenge_ts] => 2025-04-14T18:27:22Z
    [hostname] => logovisioneer.com
    [score] => 0.9
    [action] => homepage
)
Array
(
    [success] => 1
    [challenge_ts] => 2025-04-14T18:27:35Z
    [hostname] => logovisioneer.com
    [score] => 0.9
    [action] => homepage
)
Array
(
    [success] => 1
    [challenge_ts] => 2025-04-14T18:28:14Z
    [hostname] => logovisioneer.com
    [score] => 0.9
    [action] => homepage
)
Array
(
    [success] => 1
    [challenge_ts] => 2025-04-14T18:35:25Z
    [hostname] => logovisioneer.com
    [score] => 0.9
    [action] => homepage
)
Array
(
    [success] => 1
    [challenge_ts] => 2025-04-14T18:35:37Z
    [hostname] => logovisioneer.com
    [score] => 0.9
    [action] => homepage
)
Array
(
    [success] => 1
    [challenge_ts] => 2025-04-14T18:36:48Z
    [hostname] => logovisioneer.com
    [score] => 0.9
    [action] => homepage
)
Array
(
    [success] => 1
    [challenge_ts] => 2025-04-14T18:50:55Z
    [hostname] => logovisioneer.com
    [score] => 0.7
    [action] => homepage
)
Array
(
    [success] => 1
    [challenge_ts] => 2025-04-14T18:50:55Z
    [hostname] => logovisioneer.com
    [score] => 0.7
    [action] => homepage
)
Array
(
    [success] => 1
    [challenge_ts] => 2025-04-14T18:51:04Z
    [hostname] => logovisioneer.com
    [score] => 0.9
    [action] => homepage
)
Array
(
    [success] => 1
    [challenge_ts] => 2025-04-14T19:06:49Z
    [hostname] => logovisioneer.com
    [score] => 0.9
    [action] => homepage
)
Array
(
    [success] => 1
    [challenge_ts] => 2025-04-14T19:08:13Z
    [hostname] => logovisioneer.com
    [score] => 0.9
    [action] => homepage
)
Array
(
    [success] => 1
    [challenge_ts] => 2025-04-14T19:23:38Z
    [hostname] => logovisioneer.com
    [score] => 0.9
    [action] => homepage
)
Array
(
    [success] => 1
    [challenge_ts] => 2025-04-14T19:23:58Z
    [hostname] => logovisioneer.com
    [score] => 0.9
    [action] => homepage
)
Array
(
    [success] => 1
    [challenge_ts] => 2025-04-14T19:24:14Z
    [hostname] => logovisioneer.com
    [score] => 0.9
    [action] => homepage
)
Array
(
    [success] => 1
    [challenge_ts] => 2025-04-14T19:24:42Z
    [hostname] => logovisioneer.com
    [score] => 0.9
    [action] => homepage
)
Array
(
    [success] => 1
    [challenge_ts] => 2025-04-14T19:30:24Z
    [hostname] => logovisioneer.com
    [score] => 0.9
    [action] => homepage
)
Array
(
    [success] => 1
    [challenge_ts] => 2025-04-14T19:34:38Z
    [hostname] => logovisioneer.com
    [score] => 0.9
    [action] => homepage
)
Array
(
    [success] => 1
    [challenge_ts] => 2025-04-14T19:34:55Z
    [hostname] => logovisioneer.com
    [score] => 0.9
    [action] => homepage
)
Array
(
    [success] => 1
    [challenge_ts] => 2025-04-14T19:36:50Z
    [hostname] => logovisioneer.com
    [score] => 0.9
    [action] => homepage
)
Array
(
    [success] => 1
    [challenge_ts] => 2025-04-14T19:37:03Z
    [hostname] => logovisioneer.com
    [score] => 0.9
    [action] => homepage
)
Array
(
    [success] => 1
    [challenge_ts] => 2025-04-14T19:54:27Z
    [hostname] => logovisioneer.com
    [score] => 0.9
    [action] => homepage
)
Array
(
    [success] => 1
    [challenge_ts] => 2025-04-14T20:29:02Z
    [hostname] => logovisioneer.com
    [score] => 0.9
    [action] => homepage
)
Array
(
    [success] => 1
    [challenge_ts] => 2025-04-14T20:57:12Z
    [hostname] => logovisioneer.com
    [score] => 0.9
    [action] => homepage
)
Array
(
    [success] => 1
    [challenge_ts] => 2025-04-14T21:25:30Z
    [hostname] => logovisioneer.com
    [score] => 0.9
    [action] => homepage
)
Array
(
    [success] => 1
    [challenge_ts] => 2025-04-15T05:07:01Z
    [hostname] => logovisioneer.com
    [score] => 0.9
    [action] => homepage
)
Array
(
    [success] => 1
    [challenge_ts] => 2025-04-15T06:30:50Z
    [hostname] => logovisioneer.com
    [score] => 0.1
    [action] => homepage
)
Array
(
    [success] => 1
    [challenge_ts] => 2025-04-15T06:30:49Z
    [hostname] => logovisioneer.com
    [score] => 0.1
    [action] => homepage
)
Array
(
    [success] => 1
    [challenge_ts] => 2025-04-15T06:30:52Z
    [hostname] => logovisioneer.com
    [score] => 0.1
    [action] => homepage
)
Array
(
    [success] => 
    [error-codes] => Array
        (
            [0] => browser-error
        )

)
Array
(
    [success] => 1
    [challenge_ts] => 2025-04-15T19:19:57Z
    [hostname] => logovisioneer.com
    [score] => 0.1
    [action] => homepage
)
Array
(
    [success] => 1
    [challenge_ts] => 2025-04-15T19:20:42Z
    [hostname] => logovisioneer.com
    [score] => 0.1
    [action] => homepage
)
Array
(
    [success] => 1
    [challenge_ts] => 2025-04-16T03:36:15Z
    [hostname] => logovisioneer.com
    [score] => 0.1
    [action] => homepage
)
Array
(
    [success] => 1
    [challenge_ts] => 2025-04-16T03:59:24Z
    [hostname] => logovisioneer.com
    [score] => 0.1
    [action] => homepage
)
Array
(
    [success] => 1
    [challenge_ts] => 2025-04-16T09:12:00Z
    [hostname] => logovisioneer.com
    [score] => 0.9
    [action] => homepage
)
Array
(
    [success] => 1
    [challenge_ts] => 2025-04-17T08:27:02Z
    [hostname] => logovisioneer.com
    [score] => 0.1
    [action] => homepage
)
Array
(
    [success] => 
    [error-codes] => Array
        (
            [0] => browser-error
        )

)
Array
(
    [success] => 
    [error-codes] => Array
        (
            [0] => browser-error
        )

)
Array
(
    [success] => 
    [error-codes] => Array
        (
            [0] => browser-error
        )

)
Array
(
    [success] => 
    [error-codes] => Array
        (
            [0] => browser-error
        )

)
Array
(
    [success] => 
    [error-codes] => Array
        (
            [0] => browser-error
        )

)
Array
(
    [success] => 
    [error-codes] => Array
        (
            [0] => browser-error
        )

)
Array
(
    [success] => 
    [error-codes] => Array
        (
            [0] => browser-error
        )

)
Array
(
    [success] => 
    [error-codes] => Array
        (
            [0] => browser-error
        )

)
Array
(
    [success] => 
    [error-codes] => Array
        (
            [0] => browser-error
        )

)
Array
(
    [success] => 
    [error-codes] => Array
        (
            [0] => browser-error
        )

)
Array
(
    [success] => 
    [error-codes] => Array
        (
            [0] => browser-error
        )

)
Array
(
    [success] => 
    [error-codes] => Array
        (
            [0] => browser-error
        )

)
Array
(
    [success] => 
    [error-codes] => Array
        (
            [0] => browser-error
        )

)
Array
(
    [success] => 
    [error-codes] => Array
        (
            [0] => browser-error
        )

)
Array
(
    [success] => 
    [error-codes] => Array
        (
            [0] => browser-error
        )

)
Array
(
    [success] => 
    [error-codes] => Array
        (
            [0] => browser-error
        )

)
Array
(
    [success] => 1
    [challenge_ts] => 2025-05-05T20:06:13Z
    [hostname] => logovisioneer.com
    [score] => 0.1
    [action] => homepage
)
Array
(
    [success] => 
    [error-codes] => Array
        (
            [0] => browser-error
        )

)
Array
(
    [success] => 
    [error-codes] => Array
        (
            [0] => browser-error
        )

)
Array
(
    [success] => 
    [error-codes] => Array
        (
            [0] => browser-error
        )

)
Array
(
    [success] => 1
    [challenge_ts] => 2025-05-09T09:41:29Z
    [hostname] => logovisioneer.com
    [score] => 0.9
    [action] => homepage
)
Array
(
    [success] => 1
    [challenge_ts] => 2025-05-09T17:44:51Z
    [hostname] => logovisioneer.com
    [score] => 0.9
    [action] => homepage
)
Array
(
    [success] => 1
    [challenge_ts] => 2025-05-09T17:50:11Z
    [hostname] => logovisioneer.com
    [score] => 0.9
    [action] => homepage
)
Array
(
    [success] => 1
    [challenge_ts] => 2025-05-09T17:50:59Z
    [hostname] => logovisioneer.com
    [score] => 0.9
    [action] => homepage
)
Array
(
    [success] => 1
    [challenge_ts] => 2025-05-09T18:00:13Z
    [hostname] => logovisioneer.com
    [score] => 0.9
    [action] => homepage
)
Array
(
    [success] => 1
    [challenge_ts] => 2025-05-09T18:05:08Z
    [hostname] => logovisioneer.com
    [score] => 0.9
    [action] => homepage
)
Array
(
    [success] => 1
    [challenge_ts] => 2025-05-09T18:06:12Z
    [hostname] => logovisioneer.com
    [score] => 0.9
    [action] => homepage
)
Array
(
    [success] => 1
    [challenge_ts] => 2025-05-09T18:15:53Z
    [hostname] => logovisioneer.com
    [score] => 0.9
    [action] => homepage
)
Array
(
    [success] => 1
    [challenge_ts] => 2025-05-09T20:34:40Z
    [hostname] => logovisioneer.com
    [score] => 0.9
    [action] => homepage
)
Array
(
    [success] => 1
    [challenge_ts] => 2025-05-10T08:38:51Z
    [hostname] => logovisioneer.com
    [score] => 0.1
    [action] => homepage
)
Array
(
    [success] => 1
    [challenge_ts] => 2025-05-10T11:10:38Z
    [hostname] => logovisioneer.com
    [score] => 0.1
    [action] => homepage
)
Array
(
    [success] => 
    [error-codes] => Array
        (
            [0] => browser-error
        )

)
Array
(
    [success] => 
    [error-codes] => Array
        (
            [0] => browser-error
        )

)
Array
(
    [success] => 1
    [challenge_ts] => 2025-05-12T12:23:28Z
    [hostname] => logovisioneer.com
    [score] => 0.3
    [action] => homepage
)
Array
(
    [success] => 1
    [challenge_ts] => 2025-05-12T17:03:13Z
    [hostname] => logovisioneer.com
    [score] => 0.9
    [action] => homepage
)
Array
(
    [success] => 1
    [challenge_ts] => 2025-05-12T17:04:18Z
    [hostname] => logovisioneer.com
    [score] => 0.9
    [action] => homepage
)
Array
(
    [success] => 1
    [challenge_ts] => 2025-05-12T17:07:51Z
    [hostname] => logovisioneer.com
    [score] => 0.9
    [action] => homepage
)
Array
(
    [success] => 1
    [challenge_ts] => 2025-05-12T17:09:56Z
    [hostname] => logovisioneer.com
    [score] => 0.9
    [action] => homepage
)
Array
(
    [success] => 1
    [challenge_ts] => 2025-05-12T18:10:15Z
    [hostname] => logovisioneer.com
    [score] => 0.9
    [action] => homepage
)
Array
(
    [success] => 1
    [challenge_ts] => 2025-05-12T18:14:22Z
    [hostname] => logovisioneer.com
    [score] => 0.7
    [action] => homepage
)
Array
(
    [success] => 1
    [challenge_ts] => 2025-05-12T18:22:46Z
    [hostname] => logovisioneer.com
    [score] => 0.9
    [action] => homepage
)
Array
(
    [success] => 1
    [challenge_ts] => 2025-05-12T18:47:20Z
    [hostname] => logovisioneer.com
    [score] => 0.9
    [action] => homepage
)
Array
(
    [success] => 1
    [challenge_ts] => 2025-05-12T19:21:03Z
    [hostname] => logovisioneer.com
    [score] => 0.3
    [action] => homepage
)
Array
(
    [success] => 1
    [challenge_ts] => 2025-05-12T20:03:58Z
    [hostname] => logovisioneer.com
    [score] => 0.9
    [action] => homepage
)
Array
(
    [success] => 1
    [challenge_ts] => 2025-05-12T21:07:59Z
    [hostname] => logovisioneer.com
    [score] => 0.9
    [action] => homepage
)
Array
(
    [success] => 1
    [challenge_ts] => 2025-05-12T22:02:39Z
    [hostname] => logovisioneer.com
    [score] => 0.9
    [action] => homepage
)
Array
(
    [success] => 1
    [challenge_ts] => 2025-05-12T22:19:23Z
    [hostname] => logovisioneer.com
    [score] => 0.9
    [action] => homepage
)
Array
(
    [success] => 1
    [challenge_ts] => 2025-05-12T23:31:49Z
    [hostname] => logovisioneer.com
    [score] => 0.9
    [action] => homepage
)
Array
(
    [success] => 1
    [challenge_ts] => 2025-05-13T02:24:28Z
    [hostname] => logovisioneer.com
    [score] => 0.1
    [action] => homepage
)
Array
(
    [success] => 1
    [challenge_ts] => 2025-05-13T02:24:32Z
    [hostname] => logovisioneer.com
    [score] => 0.1
    [action] => homepage
)
Array
(
    [success] => 
    [error-codes] => Array
        (
            [0] => browser-error
        )

)
Array
(
    [success] => 1
    [challenge_ts] => 2025-05-13T14:37:17Z
    [hostname] => logovisioneer.com
    [score] => 0.9
    [action] => homepage
)
Array
(
    [success] => 1
    [challenge_ts] => 2025-05-13T14:41:26Z
    [hostname] => logovisioneer.com
    [score] => 0.9
    [action] => homepage
)
Array
(
    [success] => 1
    [challenge_ts] => 2025-05-13T17:10:05Z
    [hostname] => logovisioneer.com
    [score] => 0.7
    [action] => homepage
)
Array
(
    [success] => 1
    [challenge_ts] => 2025-05-13T17:40:25Z
    [hostname] => logovisioneer.com
    [score] => 0.9
    [action] => homepage
)
Array
(
    [success] => 1
    [challenge_ts] => 2025-05-13T17:53:24Z
    [hostname] => logovisioneer.com
    [score] => 0.9
    [action] => homepage
)
Array
(
    [success] => 1
    [challenge_ts] => 2025-05-13T17:57:38Z
    [hostname] => logovisioneer.com
    [score] => 0.9
    [action] => homepage
)
Array
(
    [success] => 1
    [challenge_ts] => 2025-05-13T18:10:46Z
    [hostname] => logovisioneer.com
    [score] => 0.9
    [action] => homepage
)
Array
(
    [success] => 1
    [challenge_ts] => 2025-05-13T18:43:57Z
    [hostname] => logovisioneer.com
    [score] => 0.9
    [action] => homepage
)
Array
(
    [success] => 1
    [challenge_ts] => 2025-05-13T19:13:34Z
    [hostname] => logovisioneer.com
    [score] => 0.9
    [action] => homepage
)
Array
(
    [success] => 1
    [challenge_ts] => 2025-05-13T19:21:35Z
    [hostname] => logovisioneer.com
    [score] => 0.9
    [action] => homepage
)
Array
(
    [success] => 1
    [challenge_ts] => 2025-05-13T19:23:14Z
    [hostname] => logovisioneer.com
    [score] => 0.9
    [action] => homepage
)
Array
(
    [success] => 1
    [challenge_ts] => 2025-05-13T19:29:16Z
    [hostname] => logovisioneer.com
    [score] => 0.9
    [action] => homepage
)
Array
(
    [success] => 1
    [challenge_ts] => 2025-05-13T19:31:32Z
    [hostname] => logovisioneer.com
    [score] => 0.9
    [action] => homepage
)
Array
(
    [success] => 1
    [challenge_ts] => 2025-05-13T19:32:34Z
    [hostname] => logovisioneer.com
    [score] => 0.9
    [action] => homepage
)
Array
(
    [success] => 1
    [challenge_ts] => 2025-05-13T19:42:02Z
    [hostname] => logovisioneer.com
    [score] => 0.9
    [action] => homepage
)
Array
(
    [success] => 1
    [challenge_ts] => 2025-05-13T19:47:43Z
    [hostname] => logovisioneer.com
    [score] => 0.9
    [action] => homepage
)
Array
(
    [success] => 1
    [challenge_ts] => 2025-05-13T19:55:20Z
    [hostname] => logovisioneer.com
    [score] => 0.9
    [action] => homepage
)
Array
(
    [success] => 1
    [challenge_ts] => 2025-05-13T19:56:46Z
    [hostname] => logovisioneer.com
    [score] => 0.3
    [action] => homepage
)
Array
(
    [success] => 1
    [challenge_ts] => 2025-05-13T20:11:00Z
    [hostname] => logovisioneer.com
    [score] => 0.1
    [action] => homepage
)
Array
(
    [success] => 1
    [challenge_ts] => 2025-05-13T20:21:52Z
    [hostname] => logovisioneer.com
    [score] => 0.9
    [action] => homepage
)
Array
(
    [success] => 1
    [challenge_ts] => 2025-05-13T20:28:29Z
    [hostname] => logovisioneer.com
    [score] => 0.9
    [action] => homepage
)
Array
(
    [success] => 1
    [challenge_ts] => 2025-05-13T20:38:41Z
    [hostname] => logovisioneer.com
    [score] => 0.9
    [action] => homepage
)
Array
(
    [success] => 
    [error-codes] => Array
        (
            [0] => browser-error
        )

)
Array
(
    [success] => 1
    [challenge_ts] => 2025-05-13T21:31:13Z
    [hostname] => logovisioneer.com
    [score] => 0.1
    [action] => homepage
)
Array
(
    [success] => 
    [error-codes] => Array
        (
            [0] => browser-error
        )

)
Array
(
    [success] => 1
    [challenge_ts] => 2025-05-14T16:51:24Z
    [hostname] => logovisioneer.com
    [score] => 0.1
    [action] => homepage
)
Array
(
    [success] => 1
    [challenge_ts] => 2025-05-14T17:03:39Z
    [hostname] => logovisioneer.com
    [score] => 0.1
    [action] => homepage
)
Array
(
    [success] => 1
    [challenge_ts] => 2025-05-14T17:26:25Z
    [hostname] => logovisioneer.com
    [score] => 0.9
    [action] => homepage
)
Array
(
    [success] => 1
    [challenge_ts] => 2025-05-14T17:39:14Z
    [hostname] => logovisioneer.com
    [score] => 0.9
    [action] => homepage
)
Array
(
    [success] => 1
    [challenge_ts] => 2025-05-14T17:58:25Z
    [hostname] => logovisioneer.com
    [score] => 0.9
    [action] => homepage
)
Array
(
    [success] => 1
    [challenge_ts] => 2025-05-14T18:03:34Z
    [hostname] => logovisioneer.com
    [score] => 0.9
    [action] => homepage
)
Array
(
    [success] => 1
    [challenge_ts] => 2025-05-14T18:48:00Z
    [hostname] => logovisioneer.com
    [score] => 0.9
    [action] => homepage
)
Array
(
    [success] => 1
    [challenge_ts] => 2025-05-14T19:32:39Z
    [hostname] => logovisioneer.com
    [score] => 0.9
    [action] => homepage
)
Array
(
    [success] => 1
    [challenge_ts] => 2025-05-14T20:07:38Z
    [hostname] => logovisioneer.com
    [score] => 0.9
    [action] => homepage
)
Array
(
    [success] => 
    [error-codes] => Array
        (
            [0] => browser-error
        )

)
Array
(
    [success] => 1
    [challenge_ts] => 2025-05-18T09:15:03Z
    [hostname] => logovisioneer.com
    [score] => 0.1
    [action] => homepage
)
Array
(
    [success] => 1
    [challenge_ts] => 2025-05-19T04:22:30Z
    [hostname] => logovisioneer.com
    [score] => 0.1
    [action] => homepage
)
Array
(
    [success] => 
    [error-codes] => Array
        (
            [0] => browser-error
        )

)
Array
(
    [success] => 1
    [challenge_ts] => 2025-05-19T13:27:49Z
    [hostname] => logovisioneer.com
    [score] => 0.1
    [action] => homepage
)
Array
(
    [success] => 
    [error-codes] => Array
        (
            [0] => browser-error
        )

)
Array
(
    [success] => 
    [error-codes] => Array
        (
            [0] => browser-error
        )

)
Array
(
    [success] => 
    [error-codes] => Array
        (
            [0] => browser-error
        )

)
Array
(
    [success] => 
    [error-codes] => Array
        (
            [0] => browser-error
        )

)
Array
(
    [success] => 
    [error-codes] => Array
        (
            [0] => browser-error
        )

)
Array
(
    [success] => 1
    [challenge_ts] => 2025-05-22T19:07:15Z
    [hostname] => logovisioneer.com
    [score] => 0.1
    [action] => homepage
)
Array
(
    [success] => 
    [error-codes] => Array
        (
            [0] => browser-error
        )

)
Array
(
    [success] => 
    [error-codes] => Array
        (
            [0] => browser-error
        )

)
Array
(
    [success] => 
    [error-codes] => Array
        (
            [0] => browser-error
        )

)
Array
(
    [success] => 
    [error-codes] => Array
        (
            [0] => browser-error
        )

)
