Array
(
    [success] => 
    [error-codes] => Array
        (
            [0] => browser-error
        )

)
Array
(
    [success] => 
    [error-codes] => Array
        (
            [0] => browser-error
        )

)
Array
(
    [success] => 
    [error-codes] => Array
        (
            [0] => browser-error
        )

)
Array
(
    [success] => 
    [error-codes] => Array
        (
            [0] => browser-error
        )

)
Array
(
    [success] => 
    [error-codes] => Array
        (
            [0] => browser-error
        )

)
Array
(
    [success] => 
    [error-codes] => Array
        (
            [0] => browser-error
        )

)
Array
(
    [success] => 
    [error-codes] => Array
        (
            [0] => browser-error
        )

)
Array
(
    [success] => 
    [error-codes] => Array
        (
            [0] => browser-error
        )

)
Array
(
    [success] => 
    [error-codes] => Array
        (
            [0] => browser-error
        )

)
Array
(
    [success] => 
    [error-codes] => Array
        (
            [0] => browser-error
        )

)
Array
(
    [success] => 
    [error-codes] => Array
        (
            [0] => browser-error
        )

)
Array
(
    [success] => 
    [error-codes] => Array
        (
            [0] => browser-error
        )

)
Array
(
    [success] => 
    [error-codes] => Array
        (
            [0] => browser-error
        )

)
Array
(
    [success] => 
    [error-codes] => Array
        (
            [0] => browser-error
        )

)
Array
(
    [success] => 
    [error-codes] => Array
        (
            [0] => browser-error
        )

)
Array
(
    [success] => 
    [error-codes] => Array
        (
            [0] => browser-error
        )

)
Array
(
    [success] => 
    [error-codes] => Array
        (
            [0] => browser-error
        )

)
Array
(
    [success] => 
    [error-codes] => Array
        (
            [0] => browser-error
        )

)
Array
(
    [success] => 
    [error-codes] => Array
        (
            [0] => browser-error
        )

)
Array
(
    [success] => 
    [error-codes] => Array
        (
            [0] => browser-error
        )

)
Array
(
    [success] => 
    [error-codes] => Array
        (
            [0] => browser-error
        )

)
Array
(
    [success] => 
    [error-codes] => Array
        (
            [0] => browser-error
        )

)
Array
(
    [success] => 
    [error-codes] => Array
        (
            [0] => browser-error
        )

)
Array
(
    [success] => 
    [error-codes] => Array
        (
            [0] => browser-error
        )

)
Array
(
    [success] => 
    [error-codes] => Array
        (
            [0] => browser-error
        )

)
Array
(
    [success] => 
    [error-codes] => Array
        (
            [0] => browser-error
        )

)
Array
(
    [success] => 
    [error-codes] => Array
        (
            [0] => browser-error
        )

)
Array
(
    [success] => 
    [error-codes] => Array
        (
            [0] => browser-error
        )

)
Array
(
    [success] => 
    [error-codes] => Array
        (
            [0] => browser-error
        )

)
Array
(
    [success] => 
    [error-codes] => Array
        (
            [0] => browser-error
        )

)
Array
(
    [success] => 
    [error-codes] => Array
        (
            [0] => browser-error
        )

)
Array
(
    [success] => 
    [error-codes] => Array
        (
            [0] => browser-error
        )

)
Array
(
    [success] => 
    [error-codes] => Array
        (
            [0] => browser-error
        )

)
Array
(
    [success] => 
    [error-codes] => Array
        (
            [0] => browser-error
        )

)
Array
(
    [success] => 
    [error-codes] => Array
        (
            [0] => browser-error
        )

)
Array
(
    [success] => 
    [error-codes] => Array
        (
            [0] => browser-error
        )

)
Array
(
    [success] => 
    [error-codes] => Array
        (
            [0] => browser-error
        )

)
Array
(
    [success] => 
    [error-codes] => Array
        (
            [0] => browser-error
        )

)
Array
(
    [success] => 
    [error-codes] => Array
        (
            [0] => browser-error
        )

)
Array
(
    [success] => 
    [error-codes] => Array
        (
            [0] => browser-error
        )

)
Array
(
    [success] => 
    [error-codes] => Array
        (
            [0] => browser-error
        )

)
Array
(
    [success] => 
    [error-codes] => Array
        (
            [0] => browser-error
        )

)
Array
(
    [success] => 
    [error-codes] => Array
        (
            [0] => browser-error
        )

)
Array
(
    [success] => 
    [error-codes] => Array
        (
            [0] => browser-error
        )

)
Array
(
    [success] => 
    [error-codes] => Array
        (
            [0] => browser-error
        )

)
Array
(
    [success] => 
    [error-codes] => Array
        (
            [0] => browser-error
        )

)
Array
(
    [success] => 
    [error-codes] => Array
        (
            [0] => browser-error
        )

)
Array
(
    [success] => 
    [error-codes] => Array
        (
            [0] => browser-error
        )

)
Array
(
    [success] => 
    [error-codes] => Array
        (
            [0] => browser-error
        )

)
Array
(
    [success] => 
    [error-codes] => Array
        (
            [0] => browser-error
        )

)
Array
(
    [success] => 
    [error-codes] => Array
        (
            [0] => browser-error
        )

)
Array
(
    [success] => 
    [error-codes] => Array
        (
            [0] => browser-error
        )

)
Array
(
    [success] => 
    [error-codes] => Array
        (
            [0] => browser-error
        )

)
Array
(
    [success] => 
    [error-codes] => Array
        (
            [0] => browser-error
        )

)
Array
(
    [success] => 
    [error-codes] => Array
        (
            [0] => browser-error
        )

)
Array
(
    [success] => 
    [error-codes] => Array
        (
            [0] => browser-error
        )

)
Array
(
    [success] => 
    [error-codes] => Array
        (
            [0] => browser-error
        )

)
Array
(
    [success] => 
    [error-codes] => Array
        (
            [0] => browser-error
        )

)
Array
(
    [success] => 
    [error-codes] => Array
        (
            [0] => browser-error
        )

)
Array
(
    [success] => 
    [error-codes] => Array
        (
            [0] => browser-error
        )

)
Array
(
    [success] => 
    [error-codes] => Array
        (
            [0] => browser-error
        )

)
Array
(
    [success] => 
    [error-codes] => Array
        (
            [0] => browser-error
        )

)
Array
(
    [success] => 
    [error-codes] => Array
        (
            [0] => browser-error
        )

)
Array
(
    [success] => 
    [error-codes] => Array
        (
            [0] => browser-error
        )

)
Array
(
    [success] => 
    [error-codes] => Array
        (
            [0] => browser-error
        )

)
Array
(
    [success] => 
    [error-codes] => Array
        (
            [0] => browser-error
        )

)
Array
(
    [success] => 
    [error-codes] => Array
        (
            [0] => browser-error
        )

)
Array
(
    [success] => 
    [error-codes] => Array
        (
            [0] => browser-error
        )

)
Array
(
    [success] => 
    [error-codes] => Array
        (
            [0] => browser-error
        )

)
Array
(
    [success] => 
    [error-codes] => Array
        (
            [0] => browser-error
        )

)
Array
(
    [success] => 
    [error-codes] => Array
        (
            [0] => browser-error
        )

)
Array
(
    [success] => 
    [error-codes] => Array
        (
            [0] => browser-error
        )

)
Array
(
    [success] => 
    [error-codes] => Array
        (
            [0] => browser-error
        )

)
Array
(
    [success] => 
    [error-codes] => Array
        (
            [0] => browser-error
        )

)
Array
(
    [success] => 
    [error-codes] => Array
        (
            [0] => browser-error
        )

)
Array
(
    [success] => 
    [error-codes] => Array
        (
            [0] => browser-error
        )

)
Array
(
    [success] => 
    [error-codes] => Array
        (
            [0] => browser-error
        )

)
Array
(
    [success] => 
    [error-codes] => Array
        (
            [0] => browser-error
        )

)
Array
(
    [success] => 
    [error-codes] => Array
        (
            [0] => browser-error
        )

)
Array
(
    [success] => 
    [error-codes] => Array
        (
            [0] => browser-error
        )

)
Array
(
    [success] => 
    [error-codes] => Array
        (
            [0] => browser-error
        )

)
Array
(
    [success] => 1
    [challenge_ts] => 2025-04-08T14:13:24Z
    [hostname] => logovisioneer.com
    [score] => 0.9
    [action] => homepage
)
Array
(
    [success] => 1
    [challenge_ts] => 2025-04-08T14:13:34Z
    [hostname] => logovisioneer.com
    [score] => 0.9
    [action] => homepage
)
Array
(
    [success] => 1
    [challenge_ts] => 2025-04-08T14:14:13Z
    [hostname] => logovisioneer.com
    [score] => 0.9
    [action] => homepage
)
Array
(
    [success] => 1
    [challenge_ts] => 2025-04-08T14:15:31Z
    [hostname] => logovisioneer.com
    [score] => 0.9
    [action] => homepage
)
Array
(
    [success] => 1
    [challenge_ts] => 2025-04-08T14:15:40Z
    [hostname] => logovisioneer.com
    [score] => 0.7
    [action] => homepage
)
Array
(
    [success] => 1
    [challenge_ts] => 2025-04-08T14:16:05Z
    [hostname] => logovisioneer.com
    [score] => 0.9
    [action] => homepage
)
Array
(
    [success] => 1
    [challenge_ts] => 2025-04-08T14:16:16Z
    [hostname] => logovisioneer.com
    [score] => 0.9
    [action] => homepage
)
Array
(
    [success] => 1
    [challenge_ts] => 2025-04-08T14:16:38Z
    [hostname] => logovisioneer.com
    [score] => 0.9
    [action] => homepage
)
Array
(
    [success] => 1
    [challenge_ts] => 2025-04-08T14:17:52Z
    [hostname] => logovisioneer.com
    [score] => 0.9
    [action] => homepage
)
Array
(
    [success] => 1
    [challenge_ts] => 2025-04-08T14:18:05Z
    [hostname] => logovisioneer.com
    [score] => 0.9
    [action] => homepage
)
Array
(
    [success] => 1
    [challenge_ts] => 2025-04-08T14:18:55Z
    [hostname] => logovisioneer.com
    [score] => 0.3
    [action] => homepage
)
Array
(
    [success] => 1
    [challenge_ts] => 2025-04-08T14:20:18Z
    [hostname] => logovisioneer.com
    [score] => 0.7
    [action] => homepage
)
Array
(
    [success] => 1
    [challenge_ts] => 2025-04-09T11:54:24Z
    [hostname] => logovisioneer.com
    [score] => 0.9
    [action] => homepage
)
Array
(
    [success] => 1
    [challenge_ts] => 2025-04-10T00:21:59Z
    [hostname] => logovisioneer.com
    [score] => 0.9
    [action] => homepage
)
Array
(
    [success] => 1
    [challenge_ts] => 2025-04-15T10:22:33Z
    [hostname] => logovisioneer.com
    [score] => 0.9
    [action] => homepage
)
Array
(
    [success] => 1
    [challenge_ts] => 2025-04-15T13:46:53Z
    [hostname] => logovisioneer.com
    [score] => 0.9
    [action] => homepage
)
Array
(
    [success] => 1
    [challenge_ts] => 2025-04-23T14:03:54Z
    [hostname] => logovisioneer.com
    [score] => 0.9
    [action] => homepage
)
Array
(
    [success] => 1
    [challenge_ts] => 2025-05-01T12:27:04Z
    [hostname] => logovisioneer.com
    [score] => 0.9
    [action] => homepage
)
Array
(
    [success] => 1
    [challenge_ts] => 2025-05-01T12:58:51Z
    [hostname] => logovisioneer.com
    [score] => 0.9
    [action] => homepage
)
Array
(
    [success] => 1
    [challenge_ts] => 2025-05-02T10:10:34Z
    [hostname] => logovisioneer.com
    [score] => 0.9
    [action] => homepage
)
Array
(
    [success] => 1
    [challenge_ts] => 2025-05-09T18:26:04Z
    [hostname] => logovisioneer.com
    [score] => 0.9
    [action] => homepage
)
Array
(
    [success] => 1
    [challenge_ts] => 2025-05-09T18:36:27Z
    [hostname] => logovisioneer.com
    [score] => 0.9
    [action] => homepage
)
Array
(
    [success] => 1
    [challenge_ts] => 2025-05-12T19:45:15Z
    [hostname] => logovisioneer.com
    [score] => 0.9
    [action] => homepage
)
Array
(
    [success] => 1
    [challenge_ts] => 2025-05-12T23:31:58Z
    [hostname] => logovisioneer.com
    [score] => 0.9
    [action] => homepage
)
Array
(
    [success] => 1
    [challenge_ts] => 2025-05-13T17:43:44Z
    [hostname] => logovisioneer.com
    [score] => 0.9
    [action] => homepage
)
Array
(
    [success] => 1
    [challenge_ts] => 2025-05-13T20:07:42Z
    [hostname] => logovisioneer.com
    [score] => 0.9
    [action] => homepage
)
Array
(
    [success] => 1
    [challenge_ts] => 2025-05-13T21:08:36Z
    [hostname] => logovisioneer.com
    [score] => 0.9
    [action] => homepage
)
Array
(
    [success] => 1
    [challenge_ts] => 2025-05-18T15:55:23Z
    [hostname] => logovisioneer.com
    [score] => 0.1
    [action] => homepage
)
Array
(
    [success] => 1
    [challenge_ts] => 2025-05-18T15:55:25Z
    [hostname] => logovisioneer.com
    [score] => 0.1
    [action] => homepage
)
Array
(
    [success] => 1
    [challenge_ts] => 2025-05-18T15:55:32Z
    [hostname] => logovisioneer.com
    [score] => 0.1
    [action] => homepage
)
Array
(
    [success] => 1
    [challenge_ts] => 2025-05-21T18:22:50Z
    [hostname] => logovisioneer.com
    [score] => 0.1
    [action] => homepage
)
